<?xml version="1.0" encoding="UTF-8"?>
<!-- Generated by org.testng.reporters.JUnitXMLReporter -->
<testsuite ignored="0" hostname="macbook-MacBook-Pro.local" failures="0" tests="5" name="Test" time="66.968" errors="0" timestamp="2020-01-17T08:02:14 EST">
  <testcase classname="com.januaary14.HW" name="addemployee" time="10.376"/>
  <testcase classname="com.januaary14.HW" name="addemployee" time="10.409"/>
  <testcase classname="com.januaary14.HW" name="addemployee" time="10.443"/>
  <testcase classname="com.januaary14.HW" name="addemployee" time="9.929"/>
  <testcase classname="com.januaary14.HW" name="addemployee" time="10.326"/>
</testsuite> <!-- Test -->
